<?xml version="1.0" encoding="UTF-8"?>
<!-- Generated by org.testng.reporters.JUnitXMLReporter -->
<testsuite ignored="0" hostname="meem" failures="0" tests="3" name="Default test" time="35.986" errors="0" timestamp="2022-12-08T09:28:02 EST">
  <testcase classname="interface_selenium_withExcel.TestCase" name="creatlead" time="12.158"/>
  <testcase classname="interface_selenium_withExcel.TestCase" name="creatlead" time="11.682"/>
  <testcase classname="interface_selenium_withExcel.TestCase" name="creatlead" time="11.839"/>
</testsuite> <!-- Default test -->
