<?xml version="1.0" encoding="UTF-8"?>
<!-- Generated by org.testng.reporters.JUnitXMLReporter -->
<testsuite ignored="0" hostname="meem" failures="0" tests="3" name="Test" time="26.994" errors="0" timestamp="2022-12-05T08:17:38 EST">
  <testcase classname="collection_Selenium.DP_TestCase_for_HashMap" name="CreatLead" time="1.727"/>
  <testcase classname="collection_Selenium.DP_TestCase_for_HashMap" name="CreatLead" time="1.612"/>
  <testcase classname="collection_Selenium.DP_TestCase_for_HashMap" name="CreatLead" time="1.727"/>
</testsuite> <!-- Test -->
