<?xml version="1.0" encoding="UTF-8"?>
<testng-results ignored="0" total="3" passed="3" failed="0" skipped="0">
  <reporter-output>
  </reporter-output>
  <suite started-at="2022-12-05T08:17:11 EST" name="Suite" finished-at="2022-12-05T08:17:38 EST" duration-ms="26994">
    <groups>
    </groups>
    <test started-at="2022-12-05T08:17:11 EST" name="Test" finished-at="2022-12-05T08:17:38 EST" duration-ms="26994">
      <class name="collection_Selenium.DP_TestCase_for_HashMap">
        <test-method is-config="true" signature="login(java.lang.String, java.lang.String, java.lang.String)[pri:0, instance:collection_Selenium.DP_TestCase_for_HashMap@6a370f4]" started-at="2022-12-05T08:17:11 EST" name="login" finished-at="2022-12-05T08:17:19 EST" duration-ms="8023" status="PASS">
          <params>
            <param index="0">
              <value>
                <![CDATA[http://leaftaps.com/opentaps/control/main]]>
              </value>
            </param>
            <param index="1">
              <value>
                <![CDATA[DemoCSR]]>
              </value>
            </param>
            <param index="2">
              <value>
                <![CDATA[crmsfa]]>
              </value>
            </param>
          </params>
          <reporter-output>
          </reporter-output>
        </test-method> <!-- login -->
        <test-method signature="CreatLead(java.lang.String, java.lang.String, java.lang.String)[pri:0, instance:collection_Selenium.DP_TestCase_for_HashMap@6a370f4]" started-at="2022-12-05T08:17:19 EST" name="CreatLead" data-provider="getdata" finished-at="2022-12-05T08:17:20 EST" duration-ms="1727" status="PASS">
          <params>
            <param index="0">
              <value>
                <![CDATA[ABC]]>
              </value>
            </param>
            <param index="1">
              <value>
                <![CDATA[Shahla]]>
              </value>
            </param>
            <param index="2">
              <value>
                <![CDATA[Meem]]>
              </value>
            </param>
          </params>
          <reporter-output>
          </reporter-output>
        </test-method> <!-- CreatLead -->
        <test-method is-config="true" signature="logout()[pri:0, instance:collection_Selenium.DP_TestCase_for_HashMap@6a370f4]" started-at="2022-12-05T08:17:20 EST" name="logout" finished-at="2022-12-05T08:17:20 EST" duration-ms="114" status="PASS">
          <reporter-output>
          </reporter-output>
        </test-method> <!-- logout -->
        <test-method is-config="true" signature="login(java.lang.String, java.lang.String, java.lang.String)[pri:0, instance:collection_Selenium.DP_TestCase_for_HashMap@6a370f4]" started-at="2022-12-05T08:17:20 EST" name="login" finished-at="2022-12-05T08:17:27 EST" duration-ms="6875" status="PASS">
          <params>
            <param index="0">
              <value>
                <![CDATA[http://leaftaps.com/opentaps/control/main]]>
              </value>
            </param>
            <param index="1">
              <value>
                <![CDATA[DemoCSR]]>
              </value>
            </param>
            <param index="2">
              <value>
                <![CDATA[crmsfa]]>
              </value>
            </param>
          </params>
          <reporter-output>
          </reporter-output>
        </test-method> <!-- login -->
        <test-method signature="CreatLead(java.lang.String, java.lang.String, java.lang.String)[pri:0, instance:collection_Selenium.DP_TestCase_for_HashMap@6a370f4]" started-at="2022-12-05T08:17:27 EST" name="CreatLead" data-provider="getdata" finished-at="2022-12-05T08:17:29 EST" duration-ms="1612" status="PASS">
          <params>
            <param index="0">
              <value>
                <![CDATA[XYZ]]>
              </value>
            </param>
            <param index="1">
              <value>
                <![CDATA[Shahnawaz]]>
              </value>
            </param>
            <param index="2">
              <value>
                <![CDATA[Khan]]>
              </value>
            </param>
          </params>
          <reporter-output>
          </reporter-output>
        </test-method> <!-- CreatLead -->
        <test-method is-config="true" signature="logout()[pri:0, instance:collection_Selenium.DP_TestCase_for_HashMap@6a370f4]" started-at="2022-12-05T08:17:29 EST" name="logout" finished-at="2022-12-05T08:17:29 EST" duration-ms="99" status="PASS">
          <reporter-output>
          </reporter-output>
        </test-method> <!-- logout -->
        <test-method is-config="true" signature="login(java.lang.String, java.lang.String, java.lang.String)[pri:0, instance:collection_Selenium.DP_TestCase_for_HashMap@6a370f4]" started-at="2022-12-05T08:17:29 EST" name="login" finished-at="2022-12-05T08:17:36 EST" duration-ms="6705" status="PASS">
          <params>
            <param index="0">
              <value>
                <![CDATA[http://leaftaps.com/opentaps/control/main]]>
              </value>
            </param>
            <param index="1">
              <value>
                <![CDATA[DemoCSR]]>
              </value>
            </param>
            <param index="2">
              <value>
                <![CDATA[crmsfa]]>
              </value>
            </param>
          </params>
          <reporter-output>
          </reporter-output>
        </test-method> <!-- login -->
        <test-method signature="CreatLead(java.lang.String, java.lang.String, java.lang.String)[pri:0, instance:collection_Selenium.DP_TestCase_for_HashMap@6a370f4]" started-at="2022-12-05T08:17:36 EST" name="CreatLead" data-provider="getdata" finished-at="2022-12-05T08:17:37 EST" duration-ms="1727" status="PASS">
          <params>
            <param index="0">
              <value>
                <![CDATA[QRS]]>
              </value>
            </param>
            <param index="1">
              <value>
                <![CDATA[Dawood]]>
              </value>
            </param>
            <param index="2">
              <value>
                <![CDATA[Khan]]>
              </value>
            </param>
          </params>
          <reporter-output>
          </reporter-output>
        </test-method> <!-- CreatLead -->
        <test-method is-config="true" signature="logout()[pri:0, instance:collection_Selenium.DP_TestCase_for_HashMap@6a370f4]" started-at="2022-12-05T08:17:37 EST" name="logout" finished-at="2022-12-05T08:17:38 EST" duration-ms="90" status="PASS">
          <reporter-output>
          </reporter-output>
        </test-method> <!-- logout -->
      </class> <!-- collection_Selenium.DP_TestCase_for_HashMap -->
    </test> <!-- Test -->
  </suite> <!-- Suite -->
</testng-results>
